Line 236: Class MSAdodcLib.Adodc of control Adodc1 was not a loaded control class.
Line 241: The property name _ExtentX in Adodc1 is invalid.
Line 242: The property name _ExtentY in Adodc1 is invalid.
Line 243: The property name ConnectMode in Adodc1 is invalid.
Line 244: The property name CursorLocation in Adodc1 is invalid.
Line 245: The property name IsolationLevel in Adodc1 is invalid.
Line 246: The property name ConnectionTimeout in Adodc1 is invalid.
Line 247: The property name CommandTimeout in Adodc1 is invalid.
Line 248: The property name CursorType in Adodc1 is invalid.
Line 249: The property name LockType in Adodc1 is invalid.
Line 250: The property name CommandType in Adodc1 is invalid.
Line 251: The property name CursorOptions in Adodc1 is invalid.
Line 252: The property name CacheSize in Adodc1 is invalid.
Line 253: The property name MaxRecords in Adodc1 is invalid.
Line 254: The property name BOFAction in Adodc1 is invalid.
Line 255: The property name EOFAction in Adodc1 is invalid.
Line 256: The property name ConnectStringType in Adodc1 is invalid.
Line 260: The property name Orientation in Adodc1 is invalid.
Line 262: The property name Connect in Adodc1 is invalid.
Line 263: The property name OLEDBString in Adodc1 is invalid.
Line 264: The property name OLEDBFile in Adodc1 is invalid.
Line 265: The property name DataSourceName in Adodc1 is invalid.
Line 266: The property name OtherAttributes in Adodc1 is invalid.
Line 267: The property name UserName in Adodc1 is invalid.
Line 268: The property name Password in Adodc1 is invalid.
Line 269: The property name RecordSource in Adodc1 is invalid.
Line 270: The property name Caption in Adodc1 is invalid.
Line 280: The property name _Version in Adodc1 is invalid.
